<?xml version="1.0" encoding="UTF-8"?>
<!-- Generated by org.testng.reporters.JUnitReportReporter -->
<testsuite hostname="DESKTOP-TRPUS3O" failures="0" tests="1" name="com.herokuapp.theinternet.NegativeTests" time="9.768" errors="0" timestamp="2023-03-22T14:36:17 IST" skipped="0">
  <testcase classname="com.herokuapp.theinternet.NegativeTests" name="incorrectPasswordTest" time="9.768"/>
  <system-out/>
</testsuite> <!-- com.herokuapp.theinternet.NegativeTests -->
