<?xml version="1.0" encoding="UTF-8"?>
<!-- Generated by org.testng.reporters.JUnitReportReporter -->
<testsuite hostname="DESKTOP-TRPUS3O" failures="0" tests="1" name="com.herokuapp.theinternet.PositiveTests" time="11.682" errors="0" timestamp="2023-03-26T00:00:27 IST" skipped="0">
  <testcase classname="com.herokuapp.theinternet.PositiveTests" name="loginTest" time="11.682"/>
  <system-out/>
</testsuite> <!-- com.herokuapp.theinternet.PositiveTests -->
